<?xml version="1.0" encoding="UTF-8"?>
<testsuite xmlns:xsi="http://www.w3.org/2001/XMLSchema-instance" xsi:noNamespaceSchemaLocation="https://maven.apache.org/surefire/maven-surefire-plugin/xsd/surefire-test-report.xsd" name="com.spring.blog.test.HotArticleTest" time="6.785" tests="7" errors="0" skipped="0" failures="0">
  <properties>
[...]
</properties>
  <testcase name="testArticleArchives" classname="com.spring.blog.test.HotArticleTest" time="0.334"/>
  <testcase name="testHotArticle" classname="com.spring.blog.test.HotArticleTest" time="0.051"/>
  <testcase name="testNewArticle" classname="com.spring.blog.test.HotArticleTest" time="0.013"/>
  <testcase name="testHotAuthor" classname="com.spring.blog.test.HotArticleTest" time="0.007"/>
  <testcase name="testAllArticle" classname="com.spring.blog.test.HotArticleTest" time="0.157"/>
  <testcase name="testArticleBody" classname="com.spring.blog.test.HotArticleTest" time="0.04"/>
  <testcase name="testHotTags" classname="com.spring.blog.test.HotArticleTest" time="0.011"/>
</testsuite>